#-----------------------------------------------------------
# Vivado v2017.1 (64-bit)
# SW Build 1846317 on Fri Apr 14 18:55:03 MDT 2017
# IP Build 1846188 on Fri Apr 14 20:52:08 MDT 2017
# Start of session at: Fri Jun  9 08:35:47 2017
# Process ID: 6448
# Current directory: C:/Users/rhino/Desktop/Piano_Project
# Command line: vivado.exe -gui_launcher_event rodinguilauncherevent2232 C:\Users\rhino\Desktop\Piano_Project\Piano_Project.xpr
# Log file: C:/Users/rhino/Desktop/Piano_Project/vivado.log
# Journal file: C:/Users/rhino/Desktop/Piano_Project\vivado.jou
#-----------------------------------------------------------
start_gui
open_project C:/Users/rhino/Desktop/Piano_Project/Piano_Project.xpr
Scanning sources...
Finished scanning sources
INFO: [IP_Flow 19-234] Refreshing IP repositories
INFO: [IP_Flow 19-1704] No user IP repositories specified
INFO: [IP_Flow 19-2313] Loaded Vivado IP repository 'C:/Xilinx/Vivado/2017.1/data/ip'.
open_project: Time (s): cpu = 00:00:16 ; elapsed = 00:00:07 . Memory (MB): peak = 806.336 ; gain = 76.527
update_compile_order -fileset sources_1
reset_run synth_1
launch_runs synth_1 -jobs 2
[Fri Jun  9 08:37:10 2017] Launched synth_1...
Run output will be captured here: C:/Users/rhino/Desktop/Piano_Project/Piano_Project.runs/synth_1/runme.log
launch_runs impl_1 -jobs 2
[Fri Jun  9 08:43:13 2017] Launched impl_1...
Run output will be captured here: C:/Users/rhino/Desktop/Piano_Project/Piano_Project.runs/impl_1/runme.log
launch_runs impl_1 -to_step write_bitstream -jobs 2
[Fri Jun  9 08:45:01 2017] Launched impl_1...
Run output will be captured here: C:/Users/rhino/Desktop/Piano_Project/Piano_Project.runs/impl_1/runme.log
exit
INFO: [Common 17-206] Exiting Vivado at Fri Jun  9 08:48:52 2017...
