Unable to capture context for thread 5472 in process 5656, can not generate back trace
Unable to capture context for thread 7604 in process 5656, can not generate back trace
Unable to capture context for thread 6784 in process 5656, can not generate back trace
Exception at PC 0x00007FFD0A679E08
Unable to capture context for thread 6784 in process 5656, can not generate back trace
Exception at PC 0x00007FFC8B0FBB93
Printing stacktrace...

Exception at PC 0x00007FFD0A679E08
Exception at PC 0x00007FFD0A679E08
Exception at PC 0x00007FFD0A679E08
Exception at PC 0x00007FFD0A679E08
Exception at PC 0x00007FFD0A679E08
Exception at PC 0x00007FFD0A679E08
Exception at PC 0x00007FFD0A679E08
Exception at PC 0x00007FFD0A679E08
Exception at PC 0x00007FFD0A679E08
Exception at PC 0x00007FFD0A679E08
Exception at PC 0x00007FFD0A679E08
Exception at PC 0x00007FFD0A679E08
Exception at PC 0x00007FFD0A679E08
Exception at PC 0x00007FFD0A679E08
Exception at PC 0x00007FFD0A679E08
Exception at PC 0x00007FFD0A679E08
Exception at PC 0x00007FFD0A679E08
Exception at PC 0x00007FFD0A679E08
[0]  [0x00007FFC8B0FBB93]
[1]  [0x00007FFC8B0FBB93]
[2]  [0x00007FFC8B0FB4A1]
[3]  [0x00007FFC8B0FB3EF]
[4]  [0x00007FFC8B0E19FE]
[5]  [0x00007FFC8B0E0ED1]
[6]  [0x00007FFC8B0E0D76]
[7]  [0x00007FFC8B0879F6]
[8]  [0x00007FFC8B077AFB]
[9]  [0x00007FFC8B19E90A]
[10]  [0x00007FFC8B1B9F87]
[11]  [0x00007FFC8B1BA05F]
[12] (BaseThreadInitThunk+0x14) [0x00007FFD0B0B2774]
[13] (RtlUserThreadStart+0x21) [0x00007FFD0D3E0D61]
Done
Exception at PC 0x00007FFD0A679E08
Exception at PC 0x00007FFC8AE01A52
Attemped to write at address 0x00007FFCE5929BA4
Printing stacktrace...

[0]  [0x00007FFC8AE01A52]
[1]  [0x00007FFC8AE01A52]
[2]  [0x00007FFC8AE01AD4]
[3]  [0x00007FFC8AF43FF7]
[4]  [0x00007FFC8AE29128]
[5]  [0x00007FFC8B0DDFB9]
[6]  [0x00007FFC8B2AEF23]
[7]  [0x00007FFC8B1BB06B]
[8]  [0x00007FFC8B1B08AF]
[9]  [0x00007FFC8B1B0A32]
[10] (RtlDeactivateActivationContextUnsafeFast+0x1af) [0x00007FFD0D39486F]
[11] (LdrShutdownProcess+0x12c) [0x00007FFD0D3BD44C]
[12] (RtlExitUserProcess+0xb4) [0x00007FFD0D3BD304]
[13] (FatalExit+0xa) [0x00007FFD0B0BC0DA]
[14] (exit+0x75) [0x00007FFD0B4FA045]
[15] (initterm_e+0x21d) [0x00007FFD0B4FA68D]
[16]  [0x00000000004014CD]
[17]  [0x000000000040151B]
[18] (BaseThreadInitThunk+0x14) [0x00007FFD0B0B2774]
[19] (RtlUserThreadStart+0x21) [0x00007FFD0D3E0D61]
Done
