Copyright 1986-2017 Xilinx, Inc. All Rights Reserved.
-----------------------------------------------------------------------------------------------------------------------------
| Tool Version : Vivado v.2017.1 (win64) Build 1846317 Fri Apr 14 18:55:03 MDT 2017
| Date         : Fri Jun 16 16:21:42 2017
| Host         : RyanPC running 64-bit major release  (build 9200)
| Command      : report_methodology -file Piano_Final_methodology_drc_routed.rpt -rpx Piano_Final_methodology_drc_routed.rpx
| Design       : Piano_Final
| Device       : xc7a35tcpg236-1
| Speed File   : -1
| Design State : Routed
-----------------------------------------------------------------------------------------------------------------------------

Report Methodology

Table of Contents
-----------------
1. REPORT SUMMARY
2. REPORT DETAILS

1. REPORT SUMMARY
-----------------
            Netlist: netlist
          Floorplan: design_1
      Design limits: <entire design considered>
             Max violations: <unlimited>
             Violations found: 29
+-----------+----------+-------------------------------+------------+
| Rule      | Severity | Description                   | Violations |
+-----------+----------+-------------------------------+------------+
| TIMING-17 | Warning  | Non-clocked sequential cell   | 3          |
| TIMING-18 | Warning  | Missing input or output delay | 26         |
+-----------+----------+-------------------------------+------------+

2. REPORT DETAILS
-----------------
TIMING-17#1 Warning
Non-clocked sequential cell  
The clock pin OCT/JK0/temp1_reg/C is not reached by a timing clock
Related violations: <none>

TIMING-17#2 Warning
Non-clocked sequential cell  
The clock pin OCT/JK1/temp1_reg/C is not reached by a timing clock
Related violations: <none>

TIMING-17#3 Warning
Non-clocked sequential cell  
The clock pin OCT/JK2/temp1_reg/C is not reached by a timing clock
Related violations: <none>

TIMING-18#1 Warning
Missing input or output delay  
An input delay is missing on Octave_in[0] relative to clock(s) sys_clk_pin 
Related violations: <none>

TIMING-18#2 Warning
Missing input or output delay  
An input delay is missing on Octave_in[10] relative to clock(s) sys_clk_pin 
Related violations: <none>

TIMING-18#3 Warning
Missing input or output delay  
An input delay is missing on Octave_in[11] relative to clock(s) sys_clk_pin 
Related violations: <none>

TIMING-18#4 Warning
Missing input or output delay  
An input delay is missing on Octave_in[12] relative to clock(s) sys_clk_pin 
Related violations: <none>

TIMING-18#5 Warning
Missing input or output delay  
An input delay is missing on Octave_in[1] relative to clock(s) sys_clk_pin 
Related violations: <none>

TIMING-18#6 Warning
Missing input or output delay  
An input delay is missing on Octave_in[2] relative to clock(s) sys_clk_pin 
Related violations: <none>

TIMING-18#7 Warning
Missing input or output delay  
An input delay is missing on Octave_in[3] relative to clock(s) sys_clk_pin 
Related violations: <none>

TIMING-18#8 Warning
Missing input or output delay  
An input delay is missing on Octave_in[4] relative to clock(s) sys_clk_pin 
Related violations: <none>

TIMING-18#9 Warning
Missing input or output delay  
An input delay is missing on Octave_in[5] relative to clock(s) sys_clk_pin 
Related violations: <none>

TIMING-18#10 Warning
Missing input or output delay  
An input delay is missing on Octave_in[6] relative to clock(s) sys_clk_pin 
Related violations: <none>

TIMING-18#11 Warning
Missing input or output delay  
An input delay is missing on Octave_in[7] relative to clock(s) sys_clk_pin 
Related violations: <none>

TIMING-18#12 Warning
Missing input or output delay  
An input delay is missing on Octave_in[8] relative to clock(s) sys_clk_pin 
Related violations: <none>

TIMING-18#13 Warning
Missing input or output delay  
An input delay is missing on Octave_in[9] relative to clock(s) sys_clk_pin 
Related violations: <none>

TIMING-18#14 Warning
Missing input or output delay  
An output delay is missing on sound_out[0] relative to clock(s) sys_clk_pin 
Related violations: <none>

TIMING-18#15 Warning
Missing input or output delay  
An output delay is missing on sound_out[10] relative to clock(s) sys_clk_pin 
Related violations: <none>

TIMING-18#16 Warning
Missing input or output delay  
An output delay is missing on sound_out[11] relative to clock(s) sys_clk_pin 
Related violations: <none>

TIMING-18#17 Warning
Missing input or output delay  
An output delay is missing on sound_out[12] relative to clock(s) sys_clk_pin 
Related violations: <none>

TIMING-18#18 Warning
Missing input or output delay  
An output delay is missing on sound_out[1] relative to clock(s) sys_clk_pin 
Related violations: <none>

TIMING-18#19 Warning
Missing input or output delay  
An output delay is missing on sound_out[2] relative to clock(s) sys_clk_pin 
Related violations: <none>

TIMING-18#20 Warning
Missing input or output delay  
An output delay is missing on sound_out[3] relative to clock(s) sys_clk_pin 
Related violations: <none>

TIMING-18#21 Warning
Missing input or output delay  
An output delay is missing on sound_out[4] relative to clock(s) sys_clk_pin 
Related violations: <none>

TIMING-18#22 Warning
Missing input or output delay  
An output delay is missing on sound_out[5] relative to clock(s) sys_clk_pin 
Related violations: <none>

TIMING-18#23 Warning
Missing input or output delay  
An output delay is missing on sound_out[6] relative to clock(s) sys_clk_pin 
Related violations: <none>

TIMING-18#24 Warning
Missing input or output delay  
An output delay is missing on sound_out[7] relative to clock(s) sys_clk_pin 
Related violations: <none>

TIMING-18#25 Warning
Missing input or output delay  
An output delay is missing on sound_out[8] relative to clock(s) sys_clk_pin 
Related violations: <none>

TIMING-18#26 Warning
Missing input or output delay  
An output delay is missing on sound_out[9] relative to clock(s) sys_clk_pin 
Related violations: <none>


