
*** Running vivado
    with args -log Driverless_train_2017.vds -m64 -product Vivado -mode batch -messageDb vivado.pb -notrace -source Driverless_train_2017.tcl


****** Vivado v2017.1 (64-bit)
  **** SW Build 1846317 on Fri Apr 14 18:55:03 MDT 2017
  **** IP Build 1846188 on Fri Apr 14 20:52:08 MDT 2017
    ** Copyright 1986-2017 Xilinx, Inc. All Rights Reserved.

source Driverless_train_2017.tcl -notrace
Command: synth_design -top Driverless_train_2017 -part xc7a35tcpg236-1
Starting synth_design
Attempting to get a license for feature 'Synthesis' and/or device 'xc7a35t-cpg236'
INFO: [Common 17-349] Got license for feature 'Synthesis' and/or device 'xc7a35t-cpg236'
INFO: Launching helper process for spawning children vivado processes
INFO: Helper process launched with PID 18356 
---------------------------------------------------------------------------------
Starting RTL Elaboration : Time (s): cpu = 00:00:03 ; elapsed = 00:00:03 . Memory (MB): peak = 306.746 ; gain = 79.977
---------------------------------------------------------------------------------
INFO: [Synth 8-638] synthesizing module 'Driverless_train_2017' [C:/Users/rhino/Desktop/Driverless_train/Driverless_train.srcs/sources_1/new/Driverless_train_2017.vhd:12]
INFO: [Synth 8-3491] module 'clock_slowdown' declared at 'F:/project_2/project_2.srcs/sources_1/new/clock_slowdown.vhd:5' bound to instance 'CSD' of component 'clock_slowdown' [C:/Users/rhino/Desktop/Driverless_train/Driverless_train.srcs/sources_1/new/Driverless_train_2017.vhd:53]
INFO: [Synth 8-638] synthesizing module 'clock_slowdown' [F:/project_2/project_2.srcs/sources_1/new/clock_slowdown.vhd:15]
WARNING: [Synth 8-6014] Unused sequential element result_reg was removed.  [F:/project_2/project_2.srcs/sources_1/new/clock_slowdown.vhd:25]
INFO: [Synth 8-256] done synthesizing module 'clock_slowdown' (1#1) [F:/project_2/project_2.srcs/sources_1/new/clock_slowdown.vhd:15]
INFO: [Synth 8-3491] module 'not2' declared at 'F:/Project 1/Project 1.srcs/sources_1/new/Decoder.vhd:16' bound to instance 'N1' of component 'not2' [C:/Users/rhino/Desktop/Driverless_train/Driverless_train.srcs/sources_1/new/Driverless_train_2017.vhd:55]
INFO: [Synth 8-638] synthesizing module 'not2' [F:/Project 1/Project 1.srcs/sources_1/new/Decoder.vhd:21]
INFO: [Synth 8-256] done synthesizing module 'not2' (2#1) [F:/Project 1/Project 1.srcs/sources_1/new/Decoder.vhd:21]
INFO: [Synth 8-3491] module 'and2' declared at 'F:/Project 1/Project 1.srcs/sources_1/new/Decoder.vhd:3' bound to instance 'A1' of component 'and2' [C:/Users/rhino/Desktop/Driverless_train/Driverless_train.srcs/sources_1/new/Driverless_train_2017.vhd:56]
INFO: [Synth 8-638] synthesizing module 'xil_defaultlib_and2' [F:/Project 1/Project 1.srcs/sources_1/new/Decoder.vhd:8]
INFO: [Synth 8-256] done synthesizing module 'xil_defaultlib_and2' (3#1) [F:/Project 1/Project 1.srcs/sources_1/new/Decoder.vhd:8]
INFO: [Synth 8-3491] module 'JK_Flip_Flop_clear' declared at 'F:/Vivado Project/Project 1/Project 1.srcs/sources_1/new/JK_Flip_Flop_clear.vhd:4' bound to instance 'JK0' of component 'JK_Flip_Flop_clear' [C:/Users/rhino/Desktop/Driverless_train/Driverless_train.srcs/sources_1/new/Driverless_train_2017.vhd:76]
INFO: [Synth 8-638] synthesizing module 'JK_Flip_Flop_clear' [F:/Vivado Project/Project 1/Project 1.srcs/sources_1/new/JK_Flip_Flop_clear.vhd:12]
INFO: [Synth 8-226] default block is never used [F:/Vivado Project/Project 1/Project 1.srcs/sources_1/new/JK_Flip_Flop_clear.vhd:24]
WARNING: [Synth 8-6014] Unused sequential element temp2_reg was removed.  [F:/Vivado Project/Project 1/Project 1.srcs/sources_1/new/JK_Flip_Flop_clear.vhd:34]
INFO: [Synth 8-256] done synthesizing module 'JK_Flip_Flop_clear' (4#1) [F:/Vivado Project/Project 1/Project 1.srcs/sources_1/new/JK_Flip_Flop_clear.vhd:12]
INFO: [Synth 8-3491] module 'JK_Flip_Flop_clear' declared at 'F:/Vivado Project/Project 1/Project 1.srcs/sources_1/new/JK_Flip_Flop_clear.vhd:4' bound to instance 'JK1' of component 'JK_Flip_Flop_clear' [C:/Users/rhino/Desktop/Driverless_train/Driverless_train.srcs/sources_1/new/Driverless_train_2017.vhd:77]
INFO: [Synth 8-3491] module 'Decoder' declared at 'F:/Project 1/Project 1.srcs/sources_1/new/Decoder.vhd:29' bound to instance 'DC' of component 'Decoder' [C:/Users/rhino/Desktop/Driverless_train/Driverless_train.srcs/sources_1/new/Driverless_train_2017.vhd:79]
INFO: [Synth 8-638] synthesizing module 'Decoder' [F:/Project 1/Project 1.srcs/sources_1/new/Decoder.vhd:38]
INFO: [Synth 8-3491] module 'not2' declared at 'F:/Project 1/Project 1.srcs/sources_1/new/Decoder.vhd:16' bound to instance 'NT1' of component 'not2' [F:/Project 1/Project 1.srcs/sources_1/new/Decoder.vhd:51]
INFO: [Synth 8-3491] module 'not2' declared at 'F:/Project 1/Project 1.srcs/sources_1/new/Decoder.vhd:16' bound to instance 'NT2' of component 'not2' [F:/Project 1/Project 1.srcs/sources_1/new/Decoder.vhd:52]
INFO: [Synth 8-3491] module 'and2' declared at 'F:/Project 1/Project 1.srcs/sources_1/new/Decoder.vhd:3' bound to instance 'A1' of component 'and2' [F:/Project 1/Project 1.srcs/sources_1/new/Decoder.vhd:53]
INFO: [Synth 8-3491] module 'and2' declared at 'F:/Project 1/Project 1.srcs/sources_1/new/Decoder.vhd:3' bound to instance 'A2' of component 'and2' [F:/Project 1/Project 1.srcs/sources_1/new/Decoder.vhd:54]
INFO: [Synth 8-3491] module 'and2' declared at 'F:/Project 1/Project 1.srcs/sources_1/new/Decoder.vhd:3' bound to instance 'A3' of component 'and2' [F:/Project 1/Project 1.srcs/sources_1/new/Decoder.vhd:55]
INFO: [Synth 8-3491] module 'and2' declared at 'F:/Project 1/Project 1.srcs/sources_1/new/Decoder.vhd:3' bound to instance 'A4' of component 'and2' [F:/Project 1/Project 1.srcs/sources_1/new/Decoder.vhd:56]
INFO: [Synth 8-256] done synthesizing module 'Decoder' (5#1) [F:/Project 1/Project 1.srcs/sources_1/new/Decoder.vhd:38]
WARNING: [Synth 8-6014] Unused sequential element temp0_reg was removed.  [C:/Users/rhino/Desktop/Driverless_train/Driverless_train.srcs/sources_1/new/Driverless_train_2017.vhd:62]
WARNING: [Synth 8-6014] Unused sequential element temp1_reg was removed.  [C:/Users/rhino/Desktop/Driverless_train/Driverless_train.srcs/sources_1/new/Driverless_train_2017.vhd:68]
INFO: [Synth 8-256] done synthesizing module 'Driverless_train_2017' (6#1) [C:/Users/rhino/Desktop/Driverless_train/Driverless_train.srcs/sources_1/new/Driverless_train_2017.vhd:12]
---------------------------------------------------------------------------------
Finished RTL Elaboration : Time (s): cpu = 00:00:04 ; elapsed = 00:00:04 . Memory (MB): peak = 346.074 ; gain = 119.305
---------------------------------------------------------------------------------

Report Check Netlist: 
+------+------------------+-------+---------+-------+------------------+
|      |Item              |Errors |Warnings |Status |Description       |
+------+------------------+-------+---------+-------+------------------+
|1     |multi_driven_nets |      0|        0|Passed |Multi driven nets |
+------+------------------+-------+---------+-------+------------------+
---------------------------------------------------------------------------------
Finished RTL Optimization Phase 1 : Time (s): cpu = 00:00:04 ; elapsed = 00:00:04 . Memory (MB): peak = 346.074 ; gain = 119.305
---------------------------------------------------------------------------------
INFO: [Device 21-403] Loading part xc7a35tcpg236-1
INFO: [Project 1-570] Preparing netlist for logic optimization

Processing XDC Constraints
Initializing timing engine
Parsing XDC File [C:/Users/rhino/Desktop/Driverless_train/Driverless_train.srcs/constrs_1/new/Ex5.xdc]
Finished Parsing XDC File [C:/Users/rhino/Desktop/Driverless_train/Driverless_train.srcs/constrs_1/new/Ex5.xdc]
INFO: [Project 1-236] Implementation specific constraints were found while reading constraint file [C:/Users/rhino/Desktop/Driverless_train/Driverless_train.srcs/constrs_1/new/Ex5.xdc]. These constraints will be ignored for synthesis but will be used in implementation. Impacted constraints are listed in the file [.Xil/Driverless_train_2017_propImpl.xdc].
Resolution: To avoid this warning, move constraints listed in [.Xil/Driverless_train_2017_propImpl.xdc] to another XDC file and exclude this new file from synthesis with the used_in_synthesis property (File Properties dialog in GUI) and re-run elaboration/synthesis.
Completed Processing XDC Constraints

INFO: [Project 1-111] Unisim Transformation Summary:
No Unisim elements were transformed.

Constraint Validation Runtime : Time (s): cpu = 00:00:00 ; elapsed = 00:00:00.003 . Memory (MB): peak = 641.891 ; gain = 0.000
---------------------------------------------------------------------------------
Finished Constraint Validation : Time (s): cpu = 00:00:13 ; elapsed = 00:00:14 . Memory (MB): peak = 641.891 ; gain = 415.121
---------------------------------------------------------------------------------
---------------------------------------------------------------------------------
Start Loading Part and Timing Information
---------------------------------------------------------------------------------
Loading part: xc7a35tcpg236-1
---------------------------------------------------------------------------------
Finished Loading Part and Timing Information : Time (s): cpu = 00:00:13 ; elapsed = 00:00:14 . Memory (MB): peak = 641.891 ; gain = 415.121
---------------------------------------------------------------------------------
---------------------------------------------------------------------------------
Start Applying 'set_property' XDC Constraints
---------------------------------------------------------------------------------
---------------------------------------------------------------------------------
Finished applying 'set_property' XDC Constraints : Time (s): cpu = 00:00:13 ; elapsed = 00:00:14 . Memory (MB): peak = 641.891 ; gain = 415.121
---------------------------------------------------------------------------------
WARNING: [Synth 8-6014] Unused sequential element temp_reg was removed.  [F:/project_2/project_2.srcs/sources_1/new/clock_slowdown.vhd:25]
---------------------------------------------------------------------------------
Finished RTL Optimization Phase 2 : Time (s): cpu = 00:00:13 ; elapsed = 00:00:14 . Memory (MB): peak = 641.891 ; gain = 415.121
---------------------------------------------------------------------------------

Report RTL Partitions: 
+-+--------------+------------+----------+
| |RTL Partition |Replication |Instances |
+-+--------------+------------+----------+
+-+--------------+------------+----------+
---------------------------------------------------------------------------------
Start RTL Component Statistics 
---------------------------------------------------------------------------------
Detailed RTL Component Info : 
+---Registers : 
	                1 Bit    Registers := 2     
+---Muxes : 
	   4 Input      1 Bit        Muxes := 4     
---------------------------------------------------------------------------------
Finished RTL Component Statistics 
---------------------------------------------------------------------------------
---------------------------------------------------------------------------------
Start RTL Hierarchical Component Statistics 
---------------------------------------------------------------------------------
Hierarchical RTL Component report 
Module JK_Flip_Flop_clear 
Detailed RTL Component Info : 
+---Registers : 
	                1 Bit    Registers := 1     
+---Muxes : 
	   4 Input      1 Bit        Muxes := 2     
---------------------------------------------------------------------------------
Finished RTL Hierarchical Component Statistics
---------------------------------------------------------------------------------
---------------------------------------------------------------------------------
Start Part Resource Summary
---------------------------------------------------------------------------------
Part Resources:
DSPs: 90 (col length:60)
BRAMs: 100 (col length: RAMB18 60 RAMB36 30)
---------------------------------------------------------------------------------
Finished Part Resource Summary
---------------------------------------------------------------------------------
---------------------------------------------------------------------------------
Start Cross Boundary and Area Optimization
---------------------------------------------------------------------------------
WARNING: [Synth 8-6014] Unused sequential element CSD/temp_reg was removed.  [F:/project_2/project_2.srcs/sources_1/new/clock_slowdown.vhd:25]
WARNING: [Synth 8-3332] Sequential element (CSD/temp_reg[26]) is unused and will be removed from module Driverless_train_2017.
WARNING: [Synth 8-3332] Sequential element (CSD/temp_reg[27]) is unused and will be removed from module Driverless_train_2017.
WARNING: [Synth 8-3332] Sequential element (CSD/temp_reg[28]) is unused and will be removed from module Driverless_train_2017.
WARNING: [Synth 8-3332] Sequential element (CSD/temp_reg[29]) is unused and will be removed from module Driverless_train_2017.
---------------------------------------------------------------------------------
Finished Cross Boundary and Area Optimization : Time (s): cpu = 00:00:14 ; elapsed = 00:00:15 . Memory (MB): peak = 641.891 ; gain = 415.121
---------------------------------------------------------------------------------

Report RTL Partitions: 
+-+--------------+------------+----------+
| |RTL Partition |Replication |Instances |
+-+--------------+------------+----------+
+-+--------------+------------+----------+
---------------------------------------------------------------------------------
Start Applying XDC Timing Constraints
---------------------------------------------------------------------------------
---------------------------------------------------------------------------------
Finished Applying XDC Timing Constraints : Time (s): cpu = 00:00:25 ; elapsed = 00:00:26 . Memory (MB): peak = 641.891 ; gain = 415.121
---------------------------------------------------------------------------------
---------------------------------------------------------------------------------
Start Timing Optimization
---------------------------------------------------------------------------------
WARNING: [Synth 8-3332] Sequential element (CSD/temp_reg[26]) is unused and will be removed from module Driverless_train_2017.
WARNING: [Synth 8-3332] Sequential element (CSD/temp_reg[27]) is unused and will be removed from module Driverless_train_2017.
WARNING: [Synth 8-3332] Sequential element (CSD/temp_reg[28]) is unused and will be removed from module Driverless_train_2017.
WARNING: [Synth 8-3332] Sequential element (CSD/temp_reg[29]) is unused and will be removed from module Driverless_train_2017.
---------------------------------------------------------------------------------
Finished Timing Optimization : Time (s): cpu = 00:00:25 ; elapsed = 00:00:26 . Memory (MB): peak = 641.891 ; gain = 415.121
---------------------------------------------------------------------------------

Report RTL Partitions: 
+-+--------------+------------+----------+
| |RTL Partition |Replication |Instances |
+-+--------------+------------+----------+
+-+--------------+------------+----------+
---------------------------------------------------------------------------------
Start Technology Mapping
---------------------------------------------------------------------------------
---------------------------------------------------------------------------------
Finished Technology Mapping : Time (s): cpu = 00:00:25 ; elapsed = 00:00:26 . Memory (MB): peak = 641.891 ; gain = 415.121
---------------------------------------------------------------------------------

Report RTL Partitions: 
+-+--------------+------------+----------+
| |RTL Partition |Replication |Instances |
+-+--------------+------------+----------+
+-+--------------+------------+----------+
---------------------------------------------------------------------------------
Start IO Insertion
---------------------------------------------------------------------------------
---------------------------------------------------------------------------------
Start Flattening Before IO Insertion
---------------------------------------------------------------------------------
---------------------------------------------------------------------------------
Finished Flattening Before IO Insertion
---------------------------------------------------------------------------------
---------------------------------------------------------------------------------
Start Final Netlist Cleanup
---------------------------------------------------------------------------------
---------------------------------------------------------------------------------
Finished Final Netlist Cleanup
---------------------------------------------------------------------------------
---------------------------------------------------------------------------------
Finished IO Insertion : Time (s): cpu = 00:00:26 ; elapsed = 00:00:27 . Memory (MB): peak = 641.891 ; gain = 415.121
---------------------------------------------------------------------------------

Report Check Netlist: 
+------+------------------+-------+---------+-------+------------------+
|      |Item              |Errors |Warnings |Status |Description       |
+------+------------------+-------+---------+-------+------------------+
|1     |multi_driven_nets |      0|        0|Passed |Multi driven nets |
+------+------------------+-------+---------+-------+------------------+
---------------------------------------------------------------------------------
Start Renaming Generated Instances
---------------------------------------------------------------------------------
---------------------------------------------------------------------------------
Finished Renaming Generated Instances : Time (s): cpu = 00:00:26 ; elapsed = 00:00:27 . Memory (MB): peak = 641.891 ; gain = 415.121
---------------------------------------------------------------------------------

Report RTL Partitions: 
+-+--------------+------------+----------+
| |RTL Partition |Replication |Instances |
+-+--------------+------------+----------+
+-+--------------+------------+----------+
---------------------------------------------------------------------------------
Start Rebuilding User Hierarchy
---------------------------------------------------------------------------------
---------------------------------------------------------------------------------
Finished Rebuilding User Hierarchy : Time (s): cpu = 00:00:26 ; elapsed = 00:00:27 . Memory (MB): peak = 641.891 ; gain = 415.121
---------------------------------------------------------------------------------
---------------------------------------------------------------------------------
Start Renaming Generated Ports
---------------------------------------------------------------------------------
---------------------------------------------------------------------------------
Finished Renaming Generated Ports : Time (s): cpu = 00:00:26 ; elapsed = 00:00:27 . Memory (MB): peak = 641.891 ; gain = 415.121
---------------------------------------------------------------------------------
---------------------------------------------------------------------------------
Start Handling Custom Attributes
---------------------------------------------------------------------------------
---------------------------------------------------------------------------------
Finished Handling Custom Attributes : Time (s): cpu = 00:00:26 ; elapsed = 00:00:27 . Memory (MB): peak = 641.891 ; gain = 415.121
---------------------------------------------------------------------------------
---------------------------------------------------------------------------------
Start Renaming Generated Nets
---------------------------------------------------------------------------------
---------------------------------------------------------------------------------
Finished Renaming Generated Nets : Time (s): cpu = 00:00:26 ; elapsed = 00:00:27 . Memory (MB): peak = 641.891 ; gain = 415.121
---------------------------------------------------------------------------------
---------------------------------------------------------------------------------
Start Writing Synthesis Report
---------------------------------------------------------------------------------

Report BlackBoxes: 
+-+--------------+----------+
| |BlackBox name |Instances |
+-+--------------+----------+
+-+--------------+----------+

Report Cell Usage: 
+------+-------+------+
|      |Cell   |Count |
+------+-------+------+
|1     |BUFG   |     1|
|2     |CARRY4 |     7|
|3     |LUT1   |    26|
|4     |LUT2   |     5|
|5     |LUT3   |     1|
|6     |FDCE   |     2|
|7     |FDRE   |    26|
|8     |IBUF   |     3|
|9     |OBUF   |     6|
+------+-------+------+

Report Instance Areas: 
+------+---------+---------------------+------+
|      |Instance |Module               |Cells |
+------+---------+---------------------+------+
|1     |top      |                     |    77|
|2     |  CSD    |clock_slowdown       |    59|
|3     |  JK0    |JK_Flip_Flop_clear   |     6|
|4     |  JK1    |JK_Flip_Flop_clear_0 |     2|
+------+---------+---------------------+------+
---------------------------------------------------------------------------------
Finished Writing Synthesis Report : Time (s): cpu = 00:00:26 ; elapsed = 00:00:27 . Memory (MB): peak = 641.891 ; gain = 415.121
---------------------------------------------------------------------------------
Synthesis finished with 0 errors, 0 critical warnings and 10 warnings.
Synthesis Optimization Runtime : Time (s): cpu = 00:00:16 ; elapsed = 00:00:21 . Memory (MB): peak = 641.891 ; gain = 119.305
Synthesis Optimization Complete : Time (s): cpu = 00:00:26 ; elapsed = 00:00:27 . Memory (MB): peak = 641.891 ; gain = 415.121
INFO: [Project 1-571] Translating synthesized netlist
INFO: [Netlist 29-17] Analyzing 10 Unisim elements for replacement
INFO: [Netlist 29-28] Unisim Transformation completed in 0 CPU seconds
INFO: [Project 1-570] Preparing netlist for logic optimization
INFO: [Opt 31-138] Pushed 0 inverter(s) to 0 load pin(s).
INFO: [Project 1-111] Unisim Transformation Summary:
No Unisim elements were transformed.

36 Infos, 14 Warnings, 0 Critical Warnings and 0 Errors encountered.
synth_design completed successfully
synth_design: Time (s): cpu = 00:00:28 ; elapsed = 00:00:30 . Memory (MB): peak = 641.891 ; gain = 420.043
INFO: [Common 17-1381] The checkpoint 'C:/Users/rhino/Desktop/Driverless_train/Driverless_train.runs/synth_1/Driverless_train_2017.dcp' has been generated.
report_utilization: Time (s): cpu = 00:00:00 ; elapsed = 00:00:00.026 . Memory (MB): peak = 641.891 ; gain = 0.000
INFO: [Common 17-206] Exiting Vivado at Fri Jun  9 14:52:10 2017...
