Exception at PC 0x00007FFA035A9E08
Unable to capture context for thread 11432 in process 16328, can not generate back trace
Unable to capture context for thread 7824 in process 16328, can not generate back trace
Exception at PC 0x00007FF98967BB93
Printing stacktrace...

Unable to capture context for thread 7824 in process 16328, can not generate back trace
Exception at PC 0x00007FFA035A9E08
Exception at PC 0x00007FFA035A9E08
Exception at PC 0x00007FFA035A9E08
Exception at PC 0x00007FFA035A9E08
Exception at PC 0x00007FFA035A9E08
Exception at PC 0x00007FFA035A9E08
Exception at PC 0x00007FFA035A9E08
Exception at PC 0x00007FFA035A9E08
Exception at PC 0x00007FFA035A9E08
Exception at PC 0x00007FFA035A9E08
Exception at PC 0x00007FFA035A9E08
Exception at PC 0x00007FFA035A9E08
Exception at PC 0x00007FFA035A9E08
Exception at PC 0x00007FFA035A9E08
Exception at PC 0x00007FFA035A9E08
[0]  [0x00007FF98967BB93]
[1]  [0x00007FF98967BB93]
[2]  [0x00007FF98967B4A1]
[3]  [0x00007FF98967B3EF]
[4]  [0x00007FF9896619FE]
[5]  [0x00007FF989660ED1]
[6]  [0x00007FF989660D76]
[7]  [0x00007FF9896079F6]
[8]  [0x00007FF9895F7AFB]
[9]  [0x00007FF98971E90A]
[10]  [0x00007FF989739F87]
[11]  [0x00007FF98973A05F]
[12] (BaseThreadInitThunk+0x14) [0x00007FFA06AF2774]
[13] (RtlUserThreadStart+0x21) [0x00007FFA06E10D61]
Done
Exception at PC 0x00007FFA035A9E08
Exception at PC 0x00007FFA035A9E08
Exception at PC 0x00007FFA035A9E08
Exception at PC 0x00007FFA035A9E08
