#-----------------------------------------------------------
# Vivado v2017.1 (64-bit)
# SW Build 1846317 on Fri Apr 14 18:55:03 MDT 2017
# IP Build 1846188 on Fri Apr 14 20:52:08 MDT 2017
# Start of session at: Fri Jun 16 12:49:01 2017
# Process ID: 4232
# Current directory: C:/Users/rhino/Desktop/Driverless_train
# Command line: vivado.exe -gui_launcher_event rodinguilauncherevent12152 C:\Users\rhino\Desktop\Driverless_train\Driverless_train.xpr
# Log file: C:/Users/rhino/Desktop/Driverless_train/vivado.log
# Journal file: C:/Users/rhino/Desktop/Driverless_train\vivado.jou
#-----------------------------------------------------------
start_gui
open_project C:/Users/rhino/Desktop/Driverless_train/Driverless_train.xpr
CRITICAL WARNING: [Project 1-19] Could not find the file 'F:/Project 1/Project 1.srcs/sources_1/new/Decoder.vhd'.
CRITICAL WARNING: [Project 1-19] Could not find the file 'F:/Vivado Project/Project 1/Project 1.srcs/sources_1/new/JK_Flip_Flop_clear.vhd'.
CRITICAL WARNING: [Project 1-19] Could not find the file 'F:/project_2/project_2.srcs/sources_1/new/clock_slowdown.vhd'.
Scanning sources...
Finished scanning sources
INFO: [IP_Flow 19-234] Refreshing IP repositories
INFO: [IP_Flow 19-1704] No user IP repositories specified
INFO: [IP_Flow 19-2313] Loaded Vivado IP repository 'C:/Xilinx/Vivado/2017.1/data/ip'.
open_project: Time (s): cpu = 00:00:14 ; elapsed = 00:00:05 . Memory (MB): peak = 806.527 ; gain = 55.711
update_compile_order -fileset sources_1
exit
INFO: [Common 17-206] Exiting Vivado at Fri Jun 16 12:49:40 2017...
